# JRE version: OpenJDK Runtime Environment Corretto-17.0.12.7.1 (17.0.12+7) (build 17.0.12+7-LTS)
# Java VM: OpenJDK 64-Bit Server VM Corretto-17.0.12.7.1 (17.0.12+7-LTS, mixed mode, sharing, tiered, compressed oops, compressed class ptrs, g1 gc, windows-amd64)
GC Precious Log:
 CPUs: 2 total, 2 available
 Memory: 3919M
 Large Page Support: Disabled
 NUMA Support: Disabled
 Compressed Oops: Enabled (32-bit)
 Heap Region Size: 1M
 Heap Min Capacity: 256M
 Heap Initial Capacity: 256M
 Heap Max Capacity: 512M
 Pre-touch: Disabled
 Parallel Workers: 2
 Concurrent Workers: 1
 Concurrent Refinement Workers: 2
 Periodic GC: Disabled
Heap:
 garbage-first heap   total 262144K, used 107520K [0x00000000e0000000, 0x0000000100000000)
  region size 1024K, 30 young (30720K), 9 survivors (9216K)
 Metaspace       used 72786K, committed 73408K, reserved 393216K
  class space    used 9978K, committed 10240K, reserved 327680K
GC Heap History (20 events):
Event: 63.223 GC heap before
{Heap before GC invocations=5 (full 0):
 garbage-first heap   total 262144K, used 82944K [0x00000000e0000000, 0x0000000100000000)
  region size 1024K, 60 young (61440K), 2 survivors (2048K)
 Metaspace       used 28571K, committed 28992K, reserved 393216K
  class space    used 4275K, committed 4480K, reserved 327680K
}
Event: 63.271 GC heap after
{Heap after GC invocations=6 (full 0):
 garbage-first heap   total 262144K, used 26917K [0x00000000e0000000, 0x0000000100000000)
  region size 1024K, 5 young (5120K), 5 survivors (5120K)
 Metaspace       used 28571K, committed 28992K, reserved 393216K
  class space    used 4275K, committed 4480K, reserved 327680K
}
Event: 74.138 GC heap before
{Heap before GC invocations=6 (full 0):
 garbage-first heap   total 262144K, used 85285K [0x00000000e0000000, 0x0000000100000000)
  region size 1024K, 59 young (60416K), 5 survivors (5120K)
 Metaspace       used 35536K, committed 35968K, reserved 393216K
  class space    used 4930K, committed 5120K, reserved 327680K
}
Event: 74.185 GC heap after
{Heap after GC invocations=7 (full 0):
 garbage-first heap   total 262144K, used 32242K [0x00000000e0000000, 0x0000000100000000)
  region size 1024K, 8 young (8192K), 8 survivors (8192K)
 Metaspace       used 35536K, committed 35968K, reserved 393216K
  class space    used 4930K, committed 5120K, reserved 327680K
}
Event: 91.134 GC heap before
{Heap before GC invocations=8 (full 0):
 garbage-first heap   total 262144K, used 71154K [0x00000000e0000000, 0x0000000100000000)
  region size 1024K, 45 young (46080K), 8 survivors (8192K)
 Metaspace       used 40098K, committed 40512K, reserved 393216K
  class space    used 5550K, committed 5760K, reserved 327680K
}
Event: 91.168 GC heap after
{Heap after GC invocations=9 (full 0):
 garbage-first heap   total 262144K, used 34377K [0x00000000e0000000, 0x0000000100000000)
  region size 1024K, 2 young (2048K), 2 survivors (2048K)
 Metaspace       used 40098K, committed 40512K, reserved 393216K
  class space    used 5550K, committed 5760K, reserved 327680K
}
Event: 92.480 GC heap before
{Heap before GC invocations=9 (full 0):
 garbage-first heap   total 262144K, used 43593K [0x00000000e0000000, 0x0000000100000000)
  region size 1024K, 12 young (12288K), 2 survivors (2048K)
 Metaspace       used 41106K, committed 41536K, reserved 393216K
  class space    used 5726K, committed 5952K, reserved 327680K
}
Event: 92.527 GC heap after
{Heap after GC invocations=10 (full 0):
 garbage-first heap   total 262144K, used 35458K [0x00000000e0000000, 0x0000000100000000)
  region size 1024K, 1 young (1024K), 1 survivors (1024K)
 Metaspace       used 41106K, committed 41536K, reserved 393216K
  class space    used 5726K, committed 5952K, reserved 327680K
}
Event: 115.250 GC heap before
{Heap before GC invocations=10 (full 0):
 garbage-first heap   total 262144K, used 168578K [0x00000000e0000000, 0x0000000100000000)
  region size 1024K, 132 young (135168K), 1 survivors (1024K)
 Metaspace       used 56227K, committed 56832K, reserved 393216K
  class space    used 7842K, committed 8128K, reserved 327680K
}
Event: 115.374 GC heap after
{Heap after GC invocations=11 (full 0):
 garbage-first heap   total 262144K, used 45401K [0x00000000e0000000, 0x0000000100000000)
  region size 1024K, 11 young (11264K), 11 survivors (11264K)
 Metaspace       used 56227K, committed 56832K, reserved 393216K
  class space    used 7842K, committed 8128K, reserved 327680K
}
Event: 128.112 GC heap before
{Heap before GC invocations=11 (full 0):
 garbage-first heap   total 262144K, used 104793K [0x00000000e0000000, 0x0000000100000000)
  region size 1024K, 69 young (70656K), 11 survivors (11264K)
 Metaspace       used 59335K, committed 59904K, reserved 393216K
  class space    used 8185K, committed 8448K, reserved 327680K
}
Event: 128.151 GC heap after
{Heap after GC invocations=12 (full 0):
 garbage-first heap   total 262144K, used 48912K [0x00000000e0000000, 0x0000000100000000)
  region size 1024K, 4 young (4096K), 4 survivors (4096K)
 Metaspace       used 59335K, committed 59904K, reserved 393216K
  class space    used 8185K, committed 8448K, reserved 327680K
}
Event: 130.067 GC heap before
{Heap before GC invocations=12 (full 0):
 garbage-first heap   total 262144K, used 55056K [0x00000000e0000000, 0x0000000100000000)
  region size 1024K, 11 young (11264K), 4 survivors (4096K)
 Metaspace       used 59591K, committed 60096K, reserved 393216K
  class space    used 8201K, committed 8448K, reserved 327680K
}
Event: 130.086 GC heap after
{Heap after GC invocations=13 (full 0):
 garbage-first heap   total 262144K, used 49847K [0x00000000e0000000, 0x0000000100000000)
  region size 1024K, 5 young (5120K), 5 survivors (5120K)
 Metaspace       used 59591K, committed 60096K, reserved 393216K
  class space    used 8201K, committed 8448K, reserved 327680K
}
Event: 157.178 GC heap before
{Heap before GC invocations=14 (full 0):
 garbage-first heap   total 262144K, used 196279K [0x00000000e0000000, 0x0000000100000000)
  region size 1024K, 148 young (151552K), 5 survivors (5120K)
 Metaspace       used 63267K, committed 63808K, reserved 393216K
  class space    used 8738K, committed 8960K, reserved 327680K
}
Event: 157.379 GC heap after
{Heap after GC invocations=15 (full 0):
 garbage-first heap   total 262144K, used 62584K [0x00000000e0000000, 0x0000000100000000)
  region size 1024K, 17 young (17408K), 17 survivors (17408K)
 Metaspace       used 63267K, committed 63808K, reserved 393216K
  class space    used 8738K, committed 8960K, reserved 327680K
}
Event: 163.883 GC heap before
{Heap before GC invocations=15 (full 0):
 garbage-first heap   total 262144K, used 109688K [0x00000000e0000000, 0x0000000100000000)
  region size 1024K, 59 young (60416K), 17 survivors (17408K)
 Metaspace       used 70000K, committed 70656K, reserved 393216K
  class space    used 9588K, committed 9920K, reserved 327680K
}
Event: 163.994 GC heap after
{Heap after GC invocations=16 (full 0):
 garbage-first heap   total 262144K, used 77203K [0x00000000e0000000, 0x0000000100000000)
  region size 1024K, 8 young (8192K), 8 survivors (8192K)
 Metaspace       used 70000K, committed 70656K, reserved 393216K
  class space    used 9588K, committed 9920K, reserved 327680K
}
Event: 171.127 GC heap before
{Heap before GC invocations=16 (full 0):
 garbage-first heap   total 262144K, used 144787K [0x00000000e0000000, 0x0000000100000000)
  region size 1024K, 72 young (73728K), 8 survivors (8192K)
 Metaspace       used 72465K, committed 73088K, reserved 393216K
  class space    used 9935K, committed 10240K, reserved 327680K
}
Event: 171.171 GC heap after
{Heap after GC invocations=17 (full 0):
 garbage-first heap   total 262144K, used 83968K [0x00000000e0000000, 0x0000000100000000)
  region size 1024K, 9 young (9216K), 9 survivors (9216K)
 Metaspace       used 72465K, committed 73088K, reserved 393216K
  class space    used 9935K, committed 10240K, reserved 327680K
}

